INFO:root:https://flights.ctrip.com/itinerary/oneway/bjs-sha?date=2020-05-14 drag slider button
INFO:root:https://flights.ctrip.com/itinerary/oneway/bjs-sha?date=2020-05-14 dest characters: 洛带古镇
INFO:root:https://flights.ctrip.com/itinerary/oneway/bjs-sha?date=2020-05-14 candidate characters: 洛 希 认 镇 古 取 带
INFO:root:https://flights.ctrip.com/itinerary/oneway/bjs-sha?date=2020-05-14 click 洛 located (98,41)
INFO:root:https://flights.ctrip.com/itinerary/oneway/bjs-sha?date=2020-05-14 click 带 located (91,176)
INFO:root:https://flights.ctrip.com/itinerary/oneway/bjs-sha?date=2020-05-14 click 古 located (171,148)
INFO:root:https://flights.ctrip.com/itinerary/oneway/bjs-sha?date=2020-05-14 click 镇 located (143,107)
INFO:root:https://flights.ctrip.com/itinerary/oneway/bjs-sha?date=2020-05-14 校验成功，通过！
INFO:root:https://flights.ctrip.com/itinerary/oneway/bjs-sha?date=2020-05-14 selenium chrome scraped 27 records
INFO:root:https://flights.ctrip.com/itinerary/oneway/bjs-sha?date=2020-05-15 selenium chrome scraped 26 records
INFO:root:https://flights.ctrip.com/itinerary/oneway/bjs-sha?date=2020-05-16 selenium chrome scraped 24 records
INFO:root:https://flights.ctrip.com/itinerary/oneway/bjs-sha?date=2020-05-17 selenium chrome scraped 27 records
INFO:root:https://flights.ctrip.com/itinerary/oneway/bjs-sha?date=2020-05-18 selenium chrome scraped 37 records
INFO:root:https://flights.ctrip.com/itinerary/oneway/bjs-sha?date=2020-05-19 selenium chrome scraped 38 records
INFO:root:https://flights.ctrip.com/itinerary/oneway/bjs-sha?date=2020-05-20 selenium chrome scraped 37 records
INFO:root:https://flights.ctrip.com/itinerary/oneway/bjs-sha?date=2020-05-21 selenium chrome scraped 38 records
INFO:root:https://flights.ctrip.com/itinerary/oneway/bjs-sha?date=2020-05-22 selenium chrome scraped 39 records
INFO:root:https://flights.ctrip.com/itinerary/oneway/bjs-sha?date=2020-05-23 selenium chrome scraped 38 records
INFO:root:https://flights.ctrip.com/itinerary/oneway/bjs-sha?date=2020-05-28 selenium chrome scraped 56 records
INFO:root:https://flights.ctrip.com/itinerary/oneway/bjs-sha?date=2020-06-02 selenium chrome scraped 60 records
INFO:root:https://flights.ctrip.com/itinerary/oneway/bjs-sha?date=2020-06-12 selenium chrome scraped 59 records
